2016-10-12 10:18:21,031 [Worker-12] INFO  o.e.m.c.i.p.ProjectConfigurationManager - Collecting project info '/pom.xml' C:\Users\sourabhsh\Desktop\Training management Project\Training Management Project\Traning_Management\pom.xml
2016-10-12 10:18:40,672 [Worker-12] INFO  o.e.m.c.i.l.LifecycleMappingFactory - Using org.maven.ide.eclipse.wtp.WarLifecycleMapping lifecycle mapping for MavenProject: com.Cybage.MajorProject:Traning_Management:0.0.1-SNAPSHOT @ C:\Users\sourabhsh\Desktop\Training management Project\Training Management Project\Traning_Management\pom.xml.
2016-10-12 10:18:47,377 [Worker-12] INFO  o.e.m.j.i.AbstractJavaProjectConfigurator - Adding source folder /Traning_Management/src/main/java
2016-10-12 10:18:47,393 [Worker-12] INFO  o.e.m.j.i.AbstractJavaProjectConfigurator - Adding resource folder /Traning_Management/src/main/resources
2016-10-12 10:18:47,393 [Worker-12] INFO  o.e.m.j.i.AbstractJavaProjectConfigurator - Adding source folder /Traning_Management/src/test/java
2016-10-12 10:18:58,124 [Worker-12] INFO  o.e.m.c.i.p.ProjectConfigurationManager - Imported and configured 1 project(s) in 36 sec
2016-10-12 10:18:59,874 [Worker-22] WARN  o.e.m.c.i.embedder.EclipseLogger - Using platform encoding (Cp1252 actually) to copy filtered resources, i.e. build is platform dependent!
2016-10-12 10:18:59,890 [Worker-22] INFO  o.e.m.c.i.embedder.EclipseLogger - Copying 0 resource
2016-10-12 10:18:59,906 [Worker-22] WARN  o.e.m.c.i.embedder.EclipseLogger - Using platform encoding (Cp1252 actually) to copy filtered resources, i.e. build is platform dependent!
2016-10-12 10:18:59,906 [Worker-22] INFO  o.e.m.c.i.embedder.EclipseLogger - skip non existing resourceDirectory C:\Users\sourabhsh\Desktop\Training management Project\Training Management Project\Traning_Management\src\test\resources
2016-10-12 10:20:07,000 [Worker-12] WARN  o.e.m.c.i.embedder.EclipseLogger - Using platform encoding (Cp1252 actually) to copy filtered resources, i.e. build is platform dependent!
2016-10-12 10:20:07,016 [Worker-12] INFO  o.e.m.c.i.embedder.EclipseLogger - Copying 0 resource
2016-10-12 10:20:07,016 [Worker-12] WARN  o.e.m.c.i.embedder.EclipseLogger - Using platform encoding (Cp1252 actually) to copy filtered resources, i.e. build is platform dependent!
2016-10-12 10:20:07,016 [Worker-12] INFO  o.e.m.c.i.embedder.EclipseLogger - skip non existing resourceDirectory C:\Users\sourabhsh\Desktop\Training management Project\Training Management Project\Traning_Management\src\test\resources
2016-10-12 10:24:37,038 [Worker-30] WARN  o.e.m.c.i.embedder.EclipseLogger - Using platform encoding (Cp1252 actually) to copy filtered resources, i.e. build is platform dependent!
2016-10-12 10:24:37,041 [Worker-30] INFO  o.e.m.c.i.embedder.EclipseLogger - Copying 0 resource
2016-10-12 10:24:37,047 [Worker-30] WARN  o.e.m.c.i.embedder.EclipseLogger - Using platform encoding (Cp1252 actually) to copy filtered resources, i.e. build is platform dependent!
2016-10-12 10:24:37,049 [Worker-30] INFO  o.e.m.c.i.embedder.EclipseLogger - skip non existing resourceDirectory C:\Users\sourabhsh\Desktop\Training management Project\Training Management Project\Traning_Management\src\test\resources
2016-10-12 10:25:25,531 [Worker-25] WARN  o.e.m.c.i.embedder.EclipseLogger - Using platform encoding (Cp1252 actually) to copy filtered resources, i.e. build is platform dependent!
2016-10-12 10:25:25,539 [Worker-25] INFO  o.e.m.c.i.embedder.EclipseLogger - Copying 0 resource
2016-10-12 10:25:25,541 [Worker-25] WARN  o.e.m.c.i.embedder.EclipseLogger - Using platform encoding (Cp1252 actually) to copy filtered resources, i.e. build is platform dependent!
2016-10-12 10:25:25,552 [Worker-25] INFO  o.e.m.c.i.embedder.EclipseLogger - skip non existing resourceDirectory C:\Users\sourabhsh\Desktop\Training management Project\Training Management Project\Traning_Management\src\test\resources
2016-10-12 10:25:43,239 [Worker-31] WARN  o.e.m.c.i.embedder.EclipseLogger - Using platform encoding (Cp1252 actually) to copy filtered resources, i.e. build is platform dependent!
2016-10-12 10:25:43,242 [Worker-31] INFO  o.e.m.c.i.embedder.EclipseLogger - Copying 0 resource
2016-10-12 10:25:43,244 [Worker-31] WARN  o.e.m.c.i.embedder.EclipseLogger - Using platform encoding (Cp1252 actually) to copy filtered resources, i.e. build is platform dependent!
2016-10-12 10:25:43,246 [Worker-31] INFO  o.e.m.c.i.embedder.EclipseLogger - skip non existing resourceDirectory C:\Users\sourabhsh\Desktop\Training management Project\Training Management Project\Traning_Management\src\test\resources
2016-10-12 10:26:21,198 [Worker-25] WARN  o.e.m.c.i.embedder.EclipseLogger - Using platform encoding (Cp1252 actually) to copy filtered resources, i.e. build is platform dependent!
2016-10-12 10:26:21,201 [Worker-25] INFO  o.e.m.c.i.embedder.EclipseLogger - Copying 0 resource
2016-10-12 10:26:21,205 [Worker-25] WARN  o.e.m.c.i.embedder.EclipseLogger - Using platform encoding (Cp1252 actually) to copy filtered resources, i.e. build is platform dependent!
2016-10-12 10:26:21,207 [Worker-25] INFO  o.e.m.c.i.embedder.EclipseLogger - skip non existing resourceDirectory C:\Users\sourabhsh\Desktop\Training management Project\Training Management Project\Traning_Management\src\test\resources
2016-10-12 10:26:33,225 [Worker-17] WARN  o.e.m.c.i.embedder.EclipseLogger - Using platform encoding (Cp1252 actually) to copy filtered resources, i.e. build is platform dependent!
2016-10-12 10:26:33,228 [Worker-17] INFO  o.e.m.c.i.embedder.EclipseLogger - Copying 0 resource
2016-10-12 10:26:33,234 [Worker-17] WARN  o.e.m.c.i.embedder.EclipseLogger - Using platform encoding (Cp1252 actually) to copy filtered resources, i.e. build is platform dependent!
2016-10-12 10:26:33,235 [Worker-17] INFO  o.e.m.c.i.embedder.EclipseLogger - skip non existing resourceDirectory C:\Users\sourabhsh\Desktop\Training management Project\Training Management Project\Traning_Management\src\test\resources
2016-10-12 10:26:50,624 [Worker-30] WARN  o.e.m.c.i.embedder.EclipseLogger - Using platform encoding (Cp1252 actually) to copy filtered resources, i.e. build is platform dependent!
2016-10-12 10:26:50,627 [Worker-30] INFO  o.e.m.c.i.embedder.EclipseLogger - Copying 0 resource
2016-10-12 10:26:50,632 [Worker-30] WARN  o.e.m.c.i.embedder.EclipseLogger - Using platform encoding (Cp1252 actually) to copy filtered resources, i.e. build is platform dependent!
2016-10-12 10:26:50,635 [Worker-30] INFO  o.e.m.c.i.embedder.EclipseLogger - skip non existing resourceDirectory C:\Users\sourabhsh\Desktop\Training management Project\Training Management Project\Traning_Management\src\test\resources
2016-10-12 10:27:15,691 [Worker-30] WARN  o.e.m.c.i.embedder.EclipseLogger - Using platform encoding (Cp1252 actually) to copy filtered resources, i.e. build is platform dependent!
2016-10-12 10:27:15,694 [Worker-30] INFO  o.e.m.c.i.embedder.EclipseLogger - Copying 0 resource
2016-10-12 10:27:15,696 [Worker-30] WARN  o.e.m.c.i.embedder.EclipseLogger - Using platform encoding (Cp1252 actually) to copy filtered resources, i.e. build is platform dependent!
2016-10-12 10:27:15,698 [Worker-30] INFO  o.e.m.c.i.embedder.EclipseLogger - skip non existing resourceDirectory C:\Users\sourabhsh\Desktop\Training management Project\Training Management Project\Traning_Management\src\test\resources
2016-10-12 10:27:31,346 [Worker-20] WARN  o.e.m.c.i.embedder.EclipseLogger - Using platform encoding (Cp1252 actually) to copy filtered resources, i.e. build is platform dependent!
2016-10-12 10:27:31,349 [Worker-20] INFO  o.e.m.c.i.embedder.EclipseLogger - Copying 0 resource
2016-10-12 10:27:31,351 [Worker-20] WARN  o.e.m.c.i.embedder.EclipseLogger - Using platform encoding (Cp1252 actually) to copy filtered resources, i.e. build is platform dependent!
2016-10-12 10:27:31,353 [Worker-20] INFO  o.e.m.c.i.embedder.EclipseLogger - skip non existing resourceDirectory C:\Users\sourabhsh\Desktop\Training management Project\Training Management Project\Traning_Management\src\test\resources
2016-10-12 10:27:42,247 [Worker-28] WARN  o.e.m.c.i.embedder.EclipseLogger - Using platform encoding (Cp1252 actually) to copy filtered resources, i.e. build is platform dependent!
2016-10-12 10:27:42,250 [Worker-28] INFO  o.e.m.c.i.embedder.EclipseLogger - Copying 0 resource
2016-10-12 10:27:42,262 [Worker-28] WARN  o.e.m.c.i.embedder.EclipseLogger - Using platform encoding (Cp1252 actually) to copy filtered resources, i.e. build is platform dependent!
2016-10-12 10:27:42,264 [Worker-28] INFO  o.e.m.c.i.embedder.EclipseLogger - skip non existing resourceDirectory C:\Users\sourabhsh\Desktop\Training management Project\Training Management Project\Traning_Management\src\test\resources
2016-10-12 10:27:56,115 [Worker-30] WARN  o.e.m.c.i.embedder.EclipseLogger - Using platform encoding (Cp1252 actually) to copy filtered resources, i.e. build is platform dependent!
2016-10-12 10:27:56,118 [Worker-30] INFO  o.e.m.c.i.embedder.EclipseLogger - Copying 0 resource
2016-10-12 10:27:56,120 [Worker-30] WARN  o.e.m.c.i.embedder.EclipseLogger - Using platform encoding (Cp1252 actually) to copy filtered resources, i.e. build is platform dependent!
2016-10-12 10:27:56,123 [Worker-30] INFO  o.e.m.c.i.embedder.EclipseLogger - skip non existing resourceDirectory C:\Users\sourabhsh\Desktop\Training management Project\Training Management Project\Traning_Management\src\test\resources
2016-10-12 10:28:10,905 [Worker-28] WARN  o.e.m.c.i.embedder.EclipseLogger - Using platform encoding (Cp1252 actually) to copy filtered resources, i.e. build is platform dependent!
2016-10-12 10:28:10,908 [Worker-28] INFO  o.e.m.c.i.embedder.EclipseLogger - Copying 0 resource
2016-10-12 10:28:10,910 [Worker-28] WARN  o.e.m.c.i.embedder.EclipseLogger - Using platform encoding (Cp1252 actually) to copy filtered resources, i.e. build is platform dependent!
2016-10-12 10:28:10,913 [Worker-28] INFO  o.e.m.c.i.embedder.EclipseLogger - skip non existing resourceDirectory C:\Users\sourabhsh\Desktop\Training management Project\Training Management Project\Traning_Management\src\test\resources
2016-10-12 10:28:23,116 [Worker-30] WARN  o.e.m.c.i.embedder.EclipseLogger - Using platform encoding (Cp1252 actually) to copy filtered resources, i.e. build is platform dependent!
2016-10-12 10:28:23,119 [Worker-30] INFO  o.e.m.c.i.embedder.EclipseLogger - Copying 0 resource
2016-10-12 10:28:23,121 [Worker-30] WARN  o.e.m.c.i.embedder.EclipseLogger - Using platform encoding (Cp1252 actually) to copy filtered resources, i.e. build is platform dependent!
2016-10-12 10:28:23,124 [Worker-30] INFO  o.e.m.c.i.embedder.EclipseLogger - skip non existing resourceDirectory C:\Users\sourabhsh\Desktop\Training management Project\Training Management Project\Traning_Management\src\test\resources
2016-10-12 10:29:34,780 [Worker-20] WARN  o.e.m.c.i.embedder.EclipseLogger - Using platform encoding (Cp1252 actually) to copy filtered resources, i.e. build is platform dependent!
2016-10-12 10:29:34,782 [Worker-20] INFO  o.e.m.c.i.embedder.EclipseLogger - Copying 0 resource
2016-10-12 10:29:34,784 [Worker-20] WARN  o.e.m.c.i.embedder.EclipseLogger - Using platform encoding (Cp1252 actually) to copy filtered resources, i.e. build is platform dependent!
2016-10-12 10:29:34,786 [Worker-20] INFO  o.e.m.c.i.embedder.EclipseLogger - skip non existing resourceDirectory C:\Users\sourabhsh\Desktop\Training management Project\Training Management Project\Traning_Management\src\test\resources
2016-10-12 10:29:41,789 [Worker-20] WARN  o.e.m.c.i.embedder.EclipseLogger - Using platform encoding (Cp1252 actually) to copy filtered resources, i.e. build is platform dependent!
2016-10-12 10:29:41,943 [Worker-20] INFO  o.e.m.c.i.embedder.EclipseLogger - Copying 0 resource
2016-10-12 10:29:41,949 [Worker-20] WARN  o.e.m.c.i.embedder.EclipseLogger - Using platform encoding (Cp1252 actually) to copy filtered resources, i.e. build is platform dependent!
2016-10-12 10:29:41,951 [Worker-20] INFO  o.e.m.c.i.embedder.EclipseLogger - skip non existing resourceDirectory C:\Users\sourabhsh\Desktop\Training management Project\Training Management Project\Traning_Management\src\test\resources
2016-10-12 10:29:53,167 [Worker-20] WARN  o.e.m.c.i.embedder.EclipseLogger - Using platform encoding (Cp1252 actually) to copy filtered resources, i.e. build is platform dependent!
2016-10-12 10:29:53,170 [Worker-20] INFO  o.e.m.c.i.embedder.EclipseLogger - Copying 0 resource
2016-10-12 10:29:53,172 [Worker-20] WARN  o.e.m.c.i.embedder.EclipseLogger - Using platform encoding (Cp1252 actually) to copy filtered resources, i.e. build is platform dependent!
2016-10-12 10:29:53,175 [Worker-20] INFO  o.e.m.c.i.embedder.EclipseLogger - skip non existing resourceDirectory C:\Users\sourabhsh\Desktop\Training management Project\Training Management Project\Traning_Management\src\test\resources
2016-10-12 10:30:21,995 [Worker-17] WARN  o.e.m.c.i.embedder.EclipseLogger - Using platform encoding (Cp1252 actually) to copy filtered resources, i.e. build is platform dependent!
2016-10-12 10:30:22,015 [Worker-17] INFO  o.e.m.c.i.embedder.EclipseLogger - Copying 0 resource
2016-10-12 10:30:22,034 [Worker-17] WARN  o.e.m.c.i.embedder.EclipseLogger - Using platform encoding (Cp1252 actually) to copy filtered resources, i.e. build is platform dependent!
2016-10-12 10:30:22,036 [Worker-17] INFO  o.e.m.c.i.embedder.EclipseLogger - skip non existing resourceDirectory C:\Users\sourabhsh\Desktop\Training management Project\Training Management Project\Traning_Management\src\test\resources
2016-10-12 10:30:31,640 [Worker-28] WARN  o.e.m.c.i.embedder.EclipseLogger - Using platform encoding (Cp1252 actually) to copy filtered resources, i.e. build is platform dependent!
2016-10-12 10:30:31,642 [Worker-28] INFO  o.e.m.c.i.embedder.EclipseLogger - Copying 0 resource
2016-10-12 10:30:31,644 [Worker-28] WARN  o.e.m.c.i.embedder.EclipseLogger - Using platform encoding (Cp1252 actually) to copy filtered resources, i.e. build is platform dependent!
2016-10-12 10:30:31,646 [Worker-28] INFO  o.e.m.c.i.embedder.EclipseLogger - skip non existing resourceDirectory C:\Users\sourabhsh\Desktop\Training management Project\Training Management Project\Traning_Management\src\test\resources
2016-10-12 10:30:44,303 [Worker-20] WARN  o.e.m.c.i.embedder.EclipseLogger - Using platform encoding (Cp1252 actually) to copy filtered resources, i.e. build is platform dependent!
2016-10-12 10:30:44,307 [Worker-20] INFO  o.e.m.c.i.embedder.EclipseLogger - Copying 0 resource
2016-10-12 10:30:44,310 [Worker-20] WARN  o.e.m.c.i.embedder.EclipseLogger - Using platform encoding (Cp1252 actually) to copy filtered resources, i.e. build is platform dependent!
2016-10-12 10:30:44,312 [Worker-20] INFO  o.e.m.c.i.embedder.EclipseLogger - skip non existing resourceDirectory C:\Users\sourabhsh\Desktop\Training management Project\Training Management Project\Traning_Management\src\test\resources
2016-10-12 10:37:30,611 [Worker-31] WARN  o.e.m.c.i.embedder.EclipseLogger - Using platform encoding (Cp1252 actually) to copy filtered resources, i.e. build is platform dependent!
2016-10-12 10:37:30,613 [Worker-31] INFO  o.e.m.c.i.embedder.EclipseLogger - Copying 0 resource
2016-10-12 10:37:30,615 [Worker-31] WARN  o.e.m.c.i.embedder.EclipseLogger - Using platform encoding (Cp1252 actually) to copy filtered resources, i.e. build is platform dependent!
2016-10-12 10:37:30,616 [Worker-31] INFO  o.e.m.c.i.embedder.EclipseLogger - skip non existing resourceDirectory C:\Users\sourabhsh\Desktop\Training management Project\Training Management Project\Traning_Management\src\test\resources
2016-10-12 10:37:55,778 [Worker-32] WARN  o.e.m.c.i.embedder.EclipseLogger - Using platform encoding (Cp1252 actually) to copy filtered resources, i.e. build is platform dependent!
2016-10-12 10:37:55,781 [Worker-32] INFO  o.e.m.c.i.embedder.EclipseLogger - Copying 0 resource
2016-10-12 10:37:55,783 [Worker-32] WARN  o.e.m.c.i.embedder.EclipseLogger - Using platform encoding (Cp1252 actually) to copy filtered resources, i.e. build is platform dependent!
2016-10-12 10:37:55,785 [Worker-32] INFO  o.e.m.c.i.embedder.EclipseLogger - skip non existing resourceDirectory C:\Users\sourabhsh\Desktop\Training management Project\Training Management Project\Traning_Management\src\test\resources
2016-10-12 10:38:06,201 [Worker-28] WARN  o.e.m.c.i.embedder.EclipseLogger - Using platform encoding (Cp1252 actually) to copy filtered resources, i.e. build is platform dependent!
2016-10-12 10:38:06,204 [Worker-28] INFO  o.e.m.c.i.embedder.EclipseLogger - Copying 0 resource
2016-10-12 10:38:06,206 [Worker-28] WARN  o.e.m.c.i.embedder.EclipseLogger - Using platform encoding (Cp1252 actually) to copy filtered resources, i.e. build is platform dependent!
2016-10-12 10:38:06,208 [Worker-28] INFO  o.e.m.c.i.embedder.EclipseLogger - skip non existing resourceDirectory C:\Users\sourabhsh\Desktop\Training management Project\Training Management Project\Traning_Management\src\test\resources
2016-10-12 16:57:14,381 [Worker-6] WARN  o.e.m.c.i.embedder.EclipseLogger - Using platform encoding (Cp1252 actually) to copy filtered resources, i.e. build is platform dependent!
2016-10-12 16:57:14,396 [Worker-6] INFO  o.e.m.c.i.embedder.EclipseLogger - Copying 0 resource
2016-10-12 16:57:14,401 [Worker-6] WARN  o.e.m.c.i.embedder.EclipseLogger - Using platform encoding (Cp1252 actually) to copy filtered resources, i.e. build is platform dependent!
2016-10-12 16:57:14,403 [Worker-6] INFO  o.e.m.c.i.embedder.EclipseLogger - skip non existing resourceDirectory C:\Users\sourabhsh\Desktop\Training management Project\Training Management Project\Traning_Management\src\test\resources
2016-10-12 16:57:59,529 [Worker-16] WARN  o.e.m.c.i.embedder.EclipseLogger - Using platform encoding (Cp1252 actually) to copy filtered resources, i.e. build is platform dependent!
2016-10-12 16:57:59,534 [Worker-16] INFO  o.e.m.c.i.embedder.EclipseLogger - Copying 0 resource
2016-10-12 16:57:59,537 [Worker-16] WARN  o.e.m.c.i.embedder.EclipseLogger - Using platform encoding (Cp1252 actually) to copy filtered resources, i.e. build is platform dependent!
2016-10-12 16:57:59,539 [Worker-16] INFO  o.e.m.c.i.embedder.EclipseLogger - skip non existing resourceDirectory C:\Users\sourabhsh\Desktop\Training management Project\Training Management Project\Traning_Management\src\test\resources
2016-10-12 16:58:17,738 [Worker-4] WARN  o.e.m.c.i.embedder.EclipseLogger - Using platform encoding (Cp1252 actually) to copy filtered resources, i.e. build is platform dependent!
2016-10-12 16:58:17,740 [Worker-4] INFO  o.e.m.c.i.embedder.EclipseLogger - Copying 0 resource
2016-10-12 16:58:17,742 [Worker-4] WARN  o.e.m.c.i.embedder.EclipseLogger - Using platform encoding (Cp1252 actually) to copy filtered resources, i.e. build is platform dependent!
2016-10-12 16:58:17,744 [Worker-4] INFO  o.e.m.c.i.embedder.EclipseLogger - skip non existing resourceDirectory C:\Users\sourabhsh\Desktop\Training management Project\Training Management Project\Traning_Management\src\test\resources
2016-10-12 16:58:29,426 [Worker-14] WARN  o.e.m.c.i.embedder.EclipseLogger - Using platform encoding (Cp1252 actually) to copy filtered resources, i.e. build is platform dependent!
2016-10-12 16:58:29,427 [Worker-14] INFO  o.e.m.c.i.embedder.EclipseLogger - Copying 0 resource
2016-10-12 16:58:29,429 [Worker-14] WARN  o.e.m.c.i.embedder.EclipseLogger - Using platform encoding (Cp1252 actually) to copy filtered resources, i.e. build is platform dependent!
2016-10-12 16:58:29,430 [Worker-14] INFO  o.e.m.c.i.embedder.EclipseLogger - skip non existing resourceDirectory C:\Users\sourabhsh\Desktop\Training management Project\Training Management Project\Traning_Management\src\test\resources
2016-10-12 16:59:01,684 [Worker-11] WARN  o.e.m.c.i.embedder.EclipseLogger - Using platform encoding (Cp1252 actually) to copy filtered resources, i.e. build is platform dependent!
2016-10-12 16:59:01,686 [Worker-11] INFO  o.e.m.c.i.embedder.EclipseLogger - Copying 0 resource
2016-10-12 16:59:01,688 [Worker-11] WARN  o.e.m.c.i.embedder.EclipseLogger - Using platform encoding (Cp1252 actually) to copy filtered resources, i.e. build is platform dependent!
2016-10-12 16:59:01,690 [Worker-11] INFO  o.e.m.c.i.embedder.EclipseLogger - skip non existing resourceDirectory C:\Users\sourabhsh\Desktop\Training management Project\Training Management Project\Traning_Management\src\test\resources
2016-10-12 16:59:26,022 [Worker-13] WARN  o.e.m.c.i.embedder.EclipseLogger - Using platform encoding (Cp1252 actually) to copy filtered resources, i.e. build is platform dependent!
2016-10-12 16:59:26,031 [Worker-13] INFO  o.e.m.c.i.embedder.EclipseLogger - Copying 0 resource
2016-10-12 16:59:26,033 [Worker-13] WARN  o.e.m.c.i.embedder.EclipseLogger - Using platform encoding (Cp1252 actually) to copy filtered resources, i.e. build is platform dependent!
2016-10-12 16:59:26,035 [Worker-13] INFO  o.e.m.c.i.embedder.EclipseLogger - skip non existing resourceDirectory C:\Users\sourabhsh\Desktop\Training management Project\Training Management Project\Traning_Management\src\test\resources
2016-10-12 16:59:39,963 [Worker-13] WARN  o.e.m.c.i.embedder.EclipseLogger - Using platform encoding (Cp1252 actually) to copy filtered resources, i.e. build is platform dependent!
2016-10-12 16:59:39,968 [Worker-13] INFO  o.e.m.c.i.embedder.EclipseLogger - Copying 0 resource
2016-10-12 16:59:39,971 [Worker-13] WARN  o.e.m.c.i.embedder.EclipseLogger - Using platform encoding (Cp1252 actually) to copy filtered resources, i.e. build is platform dependent!
2016-10-12 16:59:39,972 [Worker-13] INFO  o.e.m.c.i.embedder.EclipseLogger - skip non existing resourceDirectory C:\Users\sourabhsh\Desktop\Training management Project\Training Management Project\Traning_Management\src\test\resources
2016-10-12 17:00:03,486 [Worker-10] WARN  o.e.m.c.i.embedder.EclipseLogger - Using platform encoding (Cp1252 actually) to copy filtered resources, i.e. build is platform dependent!
2016-10-12 17:00:03,489 [Worker-10] INFO  o.e.m.c.i.embedder.EclipseLogger - Copying 0 resource
2016-10-12 17:00:03,508 [Worker-10] WARN  o.e.m.c.i.embedder.EclipseLogger - Using platform encoding (Cp1252 actually) to copy filtered resources, i.e. build is platform dependent!
2016-10-12 17:00:03,515 [Worker-10] INFO  o.e.m.c.i.embedder.EclipseLogger - skip non existing resourceDirectory C:\Users\sourabhsh\Desktop\Training management Project\Training Management Project\Traning_Management\src\test\resources
2016-10-12 17:00:25,629 [Worker-7] WARN  o.e.m.c.i.embedder.EclipseLogger - Using platform encoding (Cp1252 actually) to copy filtered resources, i.e. build is platform dependent!
2016-10-12 17:00:25,632 [Worker-7] INFO  o.e.m.c.i.embedder.EclipseLogger - Copying 0 resource
2016-10-12 17:00:25,634 [Worker-7] WARN  o.e.m.c.i.embedder.EclipseLogger - Using platform encoding (Cp1252 actually) to copy filtered resources, i.e. build is platform dependent!
2016-10-12 17:00:25,636 [Worker-7] INFO  o.e.m.c.i.embedder.EclipseLogger - skip non existing resourceDirectory C:\Users\sourabhsh\Desktop\Training management Project\Training Management Project\Traning_Management\src\test\resources
2016-10-12 17:00:32,805 [Worker-8] WARN  o.e.m.c.i.embedder.EclipseLogger - Using platform encoding (Cp1252 actually) to copy filtered resources, i.e. build is platform dependent!
2016-10-12 17:00:32,807 [Worker-8] INFO  o.e.m.c.i.embedder.EclipseLogger - Copying 0 resource
2016-10-12 17:00:32,809 [Worker-8] WARN  o.e.m.c.i.embedder.EclipseLogger - Using platform encoding (Cp1252 actually) to copy filtered resources, i.e. build is platform dependent!
2016-10-12 17:00:32,811 [Worker-8] INFO  o.e.m.c.i.embedder.EclipseLogger - skip non existing resourceDirectory C:\Users\sourabhsh\Desktop\Training management Project\Training Management Project\Traning_Management\src\test\resources
2016-10-12 17:00:42,306 [Worker-4] WARN  o.e.m.c.i.embedder.EclipseLogger - Using platform encoding (Cp1252 actually) to copy filtered resources, i.e. build is platform dependent!
2016-10-12 17:00:42,309 [Worker-4] INFO  o.e.m.c.i.embedder.EclipseLogger - Copying 0 resource
2016-10-12 17:00:42,312 [Worker-4] WARN  o.e.m.c.i.embedder.EclipseLogger - Using platform encoding (Cp1252 actually) to copy filtered resources, i.e. build is platform dependent!
2016-10-12 17:00:42,313 [Worker-4] INFO  o.e.m.c.i.embedder.EclipseLogger - skip non existing resourceDirectory C:\Users\sourabhsh\Desktop\Training management Project\Training Management Project\Traning_Management\src\test\resources
2016-10-12 17:00:54,575 [Worker-13] WARN  o.e.m.c.i.embedder.EclipseLogger - Using platform encoding (Cp1252 actually) to copy filtered resources, i.e. build is platform dependent!
2016-10-12 17:00:54,578 [Worker-13] INFO  o.e.m.c.i.embedder.EclipseLogger - Copying 0 resource
2016-10-12 17:00:54,581 [Worker-13] WARN  o.e.m.c.i.embedder.EclipseLogger - Using platform encoding (Cp1252 actually) to copy filtered resources, i.e. build is platform dependent!
2016-10-12 17:00:54,583 [Worker-13] INFO  o.e.m.c.i.embedder.EclipseLogger - skip non existing resourceDirectory C:\Users\sourabhsh\Desktop\Training management Project\Training Management Project\Traning_Management\src\test\resources
2016-10-12 17:01:11,729 [Worker-9] WARN  o.e.m.c.i.embedder.EclipseLogger - Using platform encoding (Cp1252 actually) to copy filtered resources, i.e. build is platform dependent!
2016-10-12 17:01:11,732 [Worker-9] INFO  o.e.m.c.i.embedder.EclipseLogger - Copying 0 resource
2016-10-12 17:01:11,734 [Worker-9] WARN  o.e.m.c.i.embedder.EclipseLogger - Using platform encoding (Cp1252 actually) to copy filtered resources, i.e. build is platform dependent!
2016-10-12 17:01:11,736 [Worker-9] INFO  o.e.m.c.i.embedder.EclipseLogger - skip non existing resourceDirectory C:\Users\sourabhsh\Desktop\Training management Project\Training Management Project\Traning_Management\src\test\resources
2016-10-12 17:01:33,025 [Worker-13] WARN  o.e.m.c.i.embedder.EclipseLogger - Using platform encoding (Cp1252 actually) to copy filtered resources, i.e. build is platform dependent!
2016-10-12 17:01:33,027 [Worker-13] INFO  o.e.m.c.i.embedder.EclipseLogger - Copying 0 resource
2016-10-12 17:01:33,029 [Worker-13] WARN  o.e.m.c.i.embedder.EclipseLogger - Using platform encoding (Cp1252 actually) to copy filtered resources, i.e. build is platform dependent!
2016-10-12 17:01:33,031 [Worker-13] INFO  o.e.m.c.i.embedder.EclipseLogger - skip non existing resourceDirectory C:\Users\sourabhsh\Desktop\Training management Project\Training Management Project\Traning_Management\src\test\resources
2016-10-12 17:01:43,968 [Worker-9] WARN  o.e.m.c.i.embedder.EclipseLogger - Using platform encoding (Cp1252 actually) to copy filtered resources, i.e. build is platform dependent!
2016-10-12 17:01:43,973 [Worker-9] INFO  o.e.m.c.i.embedder.EclipseLogger - Copying 0 resource
2016-10-12 17:01:43,975 [Worker-9] WARN  o.e.m.c.i.embedder.EclipseLogger - Using platform encoding (Cp1252 actually) to copy filtered resources, i.e. build is platform dependent!
2016-10-12 17:01:43,976 [Worker-9] INFO  o.e.m.c.i.embedder.EclipseLogger - skip non existing resourceDirectory C:\Users\sourabhsh\Desktop\Training management Project\Training Management Project\Traning_Management\src\test\resources
2016-10-12 17:01:54,874 [Worker-2] WARN  o.e.m.c.i.embedder.EclipseLogger - Using platform encoding (Cp1252 actually) to copy filtered resources, i.e. build is platform dependent!
2016-10-12 17:01:54,878 [Worker-2] INFO  o.e.m.c.i.embedder.EclipseLogger - Copying 0 resource
2016-10-12 17:01:54,882 [Worker-2] WARN  o.e.m.c.i.embedder.EclipseLogger - Using platform encoding (Cp1252 actually) to copy filtered resources, i.e. build is platform dependent!
2016-10-12 17:01:54,884 [Worker-2] INFO  o.e.m.c.i.embedder.EclipseLogger - skip non existing resourceDirectory C:\Users\sourabhsh\Desktop\Training management Project\Training Management Project\Traning_Management\src\test\resources
2016-10-12 17:02:18,049 [Worker-13] WARN  o.e.m.c.i.embedder.EclipseLogger - Using platform encoding (Cp1252 actually) to copy filtered resources, i.e. build is platform dependent!
2016-10-12 17:02:18,058 [Worker-13] INFO  o.e.m.c.i.embedder.EclipseLogger - Copying 0 resource
2016-10-12 17:02:18,060 [Worker-13] WARN  o.e.m.c.i.embedder.EclipseLogger - Using platform encoding (Cp1252 actually) to copy filtered resources, i.e. build is platform dependent!
2016-10-12 17:02:18,061 [Worker-13] INFO  o.e.m.c.i.embedder.EclipseLogger - skip non existing resourceDirectory C:\Users\sourabhsh\Desktop\Training management Project\Training Management Project\Traning_Management\src\test\resources
2016-11-07 17:37:20,759 [Worker-6] INFO  o.e.m.c.i.l.LifecycleMappingFactory - Using org.maven.ide.eclipse.wtp.WarLifecycleMapping lifecycle mapping for MavenProject: com.Cybage.MajorProject:Traning_Management:0.0.1-SNAPSHOT @ C:\Users\dipaksh\Desktop\ProjectGitRepo\Training Management Project\Traning_Management\pom.xml.
2016-11-07 17:37:45,733 [Worker-6] WARN  o.e.m.c.i.embedder.EclipseLogger - Using platform encoding (Cp1252 actually) to copy filtered resources, i.e. build is platform dependent!
2016-11-07 17:37:45,735 [Worker-6] INFO  o.e.m.c.i.embedder.EclipseLogger - skip non existing resourceDirectory C:\Users\dipaksh\Desktop\ProjectGitRepo\Training Management Project\Traning_Management\src\main\resources
2016-11-07 17:37:45,739 [Worker-6] WARN  o.e.m.c.i.embedder.EclipseLogger - Using platform encoding (Cp1252 actually) to copy filtered resources, i.e. build is platform dependent!
2016-11-07 17:37:45,741 [Worker-6] INFO  o.e.m.c.i.embedder.EclipseLogger - skip non existing resourceDirectory C:\Users\dipaksh\Desktop\ProjectGitRepo\Training Management Project\Traning_Management\src\test\resources
2016-11-07 17:37:45,744 [Worker-6] INFO  o.e.m.w.i.f.ResourceFilteringBuildParticipant - Changed resources require a complete clean of filtered resources of Traning_Management
2016-11-07 17:37:45,745 [Worker-6] INFO  o.e.m.w.i.f.ResourceFilteringBuildParticipant - Executing resource filtering for Traning_Management
2016-11-07 17:37:45,756 [Worker-6] WARN  o.e.m.c.i.embedder.EclipseLogger - Using platform encoding (Cp1252 actually) to copy filtered resources, i.e. build is platform dependent!
2016-11-07 17:38:23,608 [Worker-14] INFO  o.e.m.c.i.p.ProjectConfigurationManager - Update started
2016-11-07 17:38:24,918 [Worker-14] INFO  o.e.m.c.i.l.LifecycleMappingFactory - Using org.maven.ide.eclipse.wtp.WarLifecycleMapping lifecycle mapping for MavenProject: com.Cybage.MajorProject:Traning_Management:0.0.1-SNAPSHOT @ C:\Users\dipaksh\Desktop\ProjectGitRepo\Training Management Project\Traning_Management\pom.xml.
2016-11-07 17:38:26,462 [Worker-14] INFO  o.e.m.j.i.AbstractJavaProjectConfigurator - Adding source folder /Traning_Management/src/main/java
2016-11-07 17:38:26,463 [Worker-14] INFO  o.e.m.j.i.AbstractJavaProjectConfigurator - Adding source folder /Traning_Management/src/test/java
2016-11-07 17:38:28,161 [Worker-14] INFO  o.e.m.w.i.f.ResourceFilteringBuildParticipant - Cleaning filtered folder for Traning_Management
2016-11-07 17:38:28,173 [Worker-14] INFO  o.e.m.c.i.p.ProjectConfigurationManager - Update completed: 4 sec
2016-11-07 17:38:29,166 [Worker-11] WARN  o.e.m.c.i.embedder.EclipseLogger - Using platform encoding (Cp1252 actually) to copy filtered resources, i.e. build is platform dependent!
2016-11-07 17:38:29,169 [Worker-11] INFO  o.e.m.c.i.embedder.EclipseLogger - skip non existing resourceDirectory C:\Users\dipaksh\Desktop\ProjectGitRepo\Training Management Project\Traning_Management\src\main\resources
2016-11-07 17:38:29,278 [Worker-11] WARN  o.e.m.c.i.embedder.EclipseLogger - Using platform encoding (Cp1252 actually) to copy filtered resources, i.e. build is platform dependent!
2016-11-07 17:38:29,280 [Worker-11] INFO  o.e.m.c.i.embedder.EclipseLogger - skip non existing resourceDirectory C:\Users\dipaksh\Desktop\ProjectGitRepo\Training Management Project\Traning_Management\src\test\resources
2016-11-07 17:38:29,280 [Worker-11] INFO  o.e.m.w.i.f.ResourceFilteringBuildParticipant - Changed resources require a complete clean of filtered resources of Traning_Management
2016-11-07 17:38:29,280 [Worker-11] INFO  o.e.m.w.i.f.ResourceFilteringBuildParticipant - Executing resource filtering for Traning_Management
2016-11-07 17:38:29,315 [Worker-11] WARN  o.e.m.c.i.embedder.EclipseLogger - Using platform encoding (Cp1252 actually) to copy filtered resources, i.e. build is platform dependent!
2016-11-07 17:38:43,682 [main] INFO  o.e.m2e.actions.ExecutePomAction - Creating new launch configuration
2016-11-07 17:39:03,574 [Worker-15] INFO  o.e.m.i.launch.MavenLaunchDelegate - C:\Users\dipaksh\Desktop\ProjectGitRepo\Training Management Project\Traning_Management
2016-11-07 17:39:03,575 [Worker-15] INFO  o.e.m.i.launch.MavenLaunchDelegate -  mvn  -B -Dmaven.test.skip=true -DskipTests clean install
2016-11-07 17:41:01,328 [Worker-3] WARN  o.e.m.c.i.embedder.EclipseLogger - Using platform encoding (Cp1252 actually) to copy filtered resources, i.e. build is platform dependent!
2016-11-07 17:41:01,330 [Worker-3] INFO  o.e.m.c.i.embedder.EclipseLogger - skip non existing resourceDirectory C:\Users\dipaksh\Desktop\ProjectGitRepo\Training Management Project\Traning_Management\src\main\resources
2016-11-07 17:41:01,337 [Worker-3] WARN  o.e.m.c.i.embedder.EclipseLogger - Using platform encoding (Cp1252 actually) to copy filtered resources, i.e. build is platform dependent!
2016-11-07 17:41:01,338 [Worker-3] INFO  o.e.m.c.i.embedder.EclipseLogger - skip non existing resourceDirectory C:\Users\dipaksh\Desktop\ProjectGitRepo\Training Management Project\Traning_Management\src\test\resources
2016-11-07 17:41:09,116 [Worker-3] INFO  o.e.m.i.launch.MavenLaunchDelegate - C:\Users\dipaksh\Desktop\ProjectGitRepo\Training Management Project\Traning_Management
2016-11-07 17:41:09,117 [Worker-3] INFO  o.e.m.i.launch.MavenLaunchDelegate -  mvn  -B -Dmaven.test.skip=true -DskipTests clean install
2016-11-07 17:41:49,494 [Worker-0] WARN  o.e.m.c.i.embedder.EclipseLogger - Using platform encoding (Cp1252 actually) to copy filtered resources, i.e. build is platform dependent!
2016-11-07 17:41:49,496 [Worker-0] INFO  o.e.m.c.i.embedder.EclipseLogger - skip non existing resourceDirectory C:\Users\dipaksh\Desktop\ProjectGitRepo\Training Management Project\Traning_Management\src\main\resources
2016-11-07 17:41:49,499 [Worker-0] WARN  o.e.m.c.i.embedder.EclipseLogger - Using platform encoding (Cp1252 actually) to copy filtered resources, i.e. build is platform dependent!
2016-11-07 17:41:49,501 [Worker-0] INFO  o.e.m.c.i.embedder.EclipseLogger - skip non existing resourceDirectory C:\Users\dipaksh\Desktop\ProjectGitRepo\Training Management Project\Traning_Management\src\test\resources
2016-11-07 17:41:55,392 [Worker-5] WARN  o.e.m.c.i.embedder.EclipseLogger - Using platform encoding (Cp1252 actually) to copy filtered resources, i.e. build is platform dependent!
2016-11-07 17:41:55,394 [Worker-5] INFO  o.e.m.c.i.embedder.EclipseLogger - skip non existing resourceDirectory C:\Users\dipaksh\Desktop\ProjectGitRepo\Training Management Project\Traning_Management\src\main\resources
2016-11-07 17:41:55,396 [Worker-5] WARN  o.e.m.c.i.embedder.EclipseLogger - Using platform encoding (Cp1252 actually) to copy filtered resources, i.e. build is platform dependent!
2016-11-07 17:41:55,398 [Worker-5] INFO  o.e.m.c.i.embedder.EclipseLogger - skip non existing resourceDirectory C:\Users\dipaksh\Desktop\ProjectGitRepo\Training Management Project\Traning_Management\src\test\resources
2016-11-07 17:42:51,585 [Worker-4] WARN  o.e.m.c.i.embedder.EclipseLogger - Using platform encoding (Cp1252 actually) to copy filtered resources, i.e. build is platform dependent!
2016-11-07 17:42:51,588 [Worker-4] INFO  o.e.m.c.i.embedder.EclipseLogger - skip non existing resourceDirectory C:\Users\dipaksh\Desktop\ProjectGitRepo\Training Management Project\Traning_Management\src\main\resources
2016-11-07 17:42:51,589 [Worker-4] WARN  o.e.m.c.i.embedder.EclipseLogger - Using platform encoding (Cp1252 actually) to copy filtered resources, i.e. build is platform dependent!
2016-11-07 17:42:51,590 [Worker-4] INFO  o.e.m.c.i.embedder.EclipseLogger - skip non existing resourceDirectory C:\Users\dipaksh\Desktop\ProjectGitRepo\Training Management Project\Traning_Management\src\test\resources
